<?xml version="1.0" encoding="UTF-8"?>
<!-- Generated by org.testng.reporters.JUnitReportReporter -->
<testsuite hostname="Abdulraheem" failures="0" tests="11" name="AlMosaferTestCases.MyTestcase" time="20.965" errors="0" timestamp="2024-06-27T19:00:56 EET" skipped="0">
  <testcase classname="AlMosaferTestCases.MyTestcase" name="CheckTheLanguage" time="0.045"/>
  <system-out/>
  <testcase classname="AlMosaferTestCases.MyTestcase" name="TestTheCurrencyIsSAR" time="0.031"/>
  <system-out/>
  <testcase classname="AlMosaferTestCases.MyTestcase" name="TestContactNumber" time="0.031"/>
  <system-out/>
  <testcase classname="AlMosaferTestCases.MyTestcase" name="VerifyQitafLogo" time="0.050"/>
  <system-out/>
  <testcase classname="AlMosaferTestCases.MyTestcase" name="CheckHotelTabIsNotSelected" time="0.021"/>
  <system-out/>
  <testcase classname="AlMosaferTestCases.MyTestcase" name="CheckDepartureAndReturnDate" time="0.456"/>
  <system-out/>
  <testcase classname="AlMosaferTestCases.MyTestcase" name="ChangeTheLanguageOfTheWebsiteRandomly" time="0.461"/>
  <system-out/>
  <testcase classname="AlMosaferTestCases.MyTestcase" name="HotelSelection" time="0.193"/>
  <system-out/>
  <testcase classname="AlMosaferTestCases.MyTestcase" name="SelectNumberOfPeople" time="2.896"/>
  <system-out/>
  <testcase classname="AlMosaferTestCases.MyTestcase" name="CheckThePageIsFullyLoaded" time="14.086"/>
  <system-out/>
  <testcase classname="AlMosaferTestCases.MyTestcase" name="sortItems" time="2.695"/>
  <system-out/>
</testsuite> <!-- AlMosaferTestCases.MyTestcase -->
