<?xml version="1.0" encoding="UTF-8"?>
<!-- Generated by org.testng.reporters.JUnitReportReporter -->
<testsuite hostname="Abdulraheem" failures="0" tests="10" name="MyTestcase" time="3.893" errors="0" timestamp="2024-06-13T19:08:35 EET" skipped="6">
  <testcase classname="MyTestcase" name="CheckThePageIsFullyLoaded" time="0.006"/>
  <system-out/>
  <testcase classname="MyTestcase" name="ChangeTheLanguageOfTheWebSiteRandomly" time="0.509"/>
  <system-out/>
  <testcase classname="MyTestcase" name="HotelSelection" time="0.183"/>
  <system-out/>
  <testcase classname="MyTestcase" name="SelectNumberOfPeople" time="3.195"/>
  <system-out/>
  <testcase classname="MyTestcase" name="VerifyQitafLogo">
    <skipped/>
  </testcase> <!-- VerifyQitafLogo -->
  <system-out/>
  <testcase classname="MyTestcase" name="TestContactNumber">
    <skipped/>
  </testcase> <!-- TestContactNumber -->
  <system-out/>
  <testcase classname="MyTestcase" name="CheckTheLanage">
    <skipped/>
  </testcase> <!-- CheckTheLanage -->
  <system-out/>
  <testcase classname="MyTestcase" name="CheckHotelTabIsNotSelected">
    <skipped/>
  </testcase> <!-- CheckHotelTabIsNotSelected -->
  <system-out/>
  <testcase classname="MyTestcase" name="CheckDepatureAndReturnDate">
    <skipped/>
  </testcase> <!-- CheckDepatureAndReturnDate -->
  <system-out/>
  <testcase classname="MyTestcase" name="TestTheCurrencyIsSAR">
    <skipped/>
  </testcase> <!-- TestTheCurrencyIsSAR -->
  <system-out/>
</testsuite> <!-- MyTestcase -->
