<?xml version="1.0" encoding="UTF-8"?>
<!-- Generated by org.testng.reporters.JUnitReportReporter -->
<testsuite hostname="Abdulraheem" failures="0" tests="11" name="a.MyTestcase" time="19.756" errors="0" timestamp="2024-06-23T18:11:02 EET" skipped="6">
  <testcase classname="a.MyTestcase" name="ChangeTheLanguageOfTheWebSiteRandomly" time="0.462"/>
  <system-out/>
  <testcase classname="a.MyTestcase" name="HotelSelection" time="0.276"/>
  <system-out/>
  <testcase classname="a.MyTestcase" name="SelectNumberOfPeople" time="2.962"/>
  <system-out/>
  <testcase classname="a.MyTestcase" name="CheckThePageIsFullyLoaded" time="13.485"/>
  <system-out/>
  <testcase classname="a.MyTestcase" name="sortItems" time="2.571"/>
  <system-out/>
  <testcase classname="a.MyTestcase" name="CheckTheLanage">
    <skipped/>
  </testcase> <!-- CheckTheLanage -->
  <system-out/>
  <testcase classname="a.MyTestcase" name="VerifyQitafLogo">
    <skipped/>
  </testcase> <!-- VerifyQitafLogo -->
  <system-out/>
  <testcase classname="a.MyTestcase" name="CheckDepatureAndReturnDate">
    <skipped/>
  </testcase> <!-- CheckDepatureAndReturnDate -->
  <system-out/>
  <testcase classname="a.MyTestcase" name="TestTheCurrencyIsSAR">
    <skipped/>
  </testcase> <!-- TestTheCurrencyIsSAR -->
  <system-out/>
  <testcase classname="a.MyTestcase" name="CheckHotelTabIsNotSelected">
    <skipped/>
  </testcase> <!-- CheckHotelTabIsNotSelected -->
  <system-out/>
  <testcase classname="a.MyTestcase" name="TestContactNumber">
    <skipped/>
  </testcase> <!-- TestContactNumber -->
  <system-out/>
</testsuite> <!-- a.MyTestcase -->
